  Building Custom Rule C:/Users/hunte/git/BulletSynthesis/BulletSynthesis/CMakeLists.txt
  NativeExport.cpp
C:\Users\hunte\git\BulletSynthesis\BulletSynthesis\src\NativeExport.cpp(40,58): warning C4190: 'To_Bullet_Quaternion' has C-linkage specified, but returns UDT 'btQuaternion' which is incompatible with C
C:\Users\hunte\git\BulletSynthesis\BulletSynthesis\vcpkg\installed\x64-windows\include\bullet\LinearMath\btQuaternion.h(49): message : see declaration of 'btQuaternion'
C:\Users\hunte\git\BulletSynthesis\BulletSynthesis\src\NativeExport.cpp(53,53): warning C4190: 'To_Bullet_Vector_3' has C-linkage specified, but returns UDT 'btVector3' which is incompatible with C
C:\Users\hunte\git\BulletSynthesis\BulletSynthesis\vcpkg\installed\x64-windows\include\bullet\LinearMath/btVector3.h(81): message : see declaration of 'btVector3'
  PhysicsManager.cpp
  Generating Code...
     Creating library C:/Users/hunte/git/BulletSynthesis/BulletSynthesis/lib/Debug/BulletSynthesis.lib and object C:/Users/hunte/git/BulletSynthesis/BulletSynthesis/lib/Debug/BulletSynthesis.exp
NativeExport.obj : error LNK2019: unresolved external symbol "public: void __cdecl btCollisionObject::setActivationState(int)const " (?setActivationState@btCollisionObject@@QEBAXH@Z) referenced in function Set_RigidBody_Activation_State
BulletDynamics_Debug.lib(btDiscreteDynamicsWorld.cpp.obj) : error LNK2001: unresolved external symbol "public: void __cdecl btCollisionObject::setActivationState(int)const " (?setActivationState@btCollisionObject@@QEBAXH@Z)
NativeExport.obj : error LNK2001: unresolved external symbol "public: virtual void __cdecl btCollisionShape::getBoundingSphere(class btVector3 &,float &)const " (?getBoundingSphere@btCollisionShape@@UEBAXAEAVbtVector3@@AEAM@Z)
BulletDynamics_Debug.lib(btDiscreteDynamicsWorld.cpp.obj) : error LNK2001: unresolved external symbol "public: virtual void __cdecl btCollisionShape::getBoundingSphere(class btVector3 &,float &)const " (?getBoundingSphere@btCollisionShape@@UEBAXAEAVbtVector3@@AEAM@Z)
NativeExport.obj : error LNK2001: unresolved external symbol "public: virtual float __cdecl btCollisionShape::getAngularMotionDisc(void)const " (?getAngularMotionDisc@btCollisionShape@@UEBAMXZ)
BulletDynamics_Debug.lib(btDiscreteDynamicsWorld.cpp.obj) : error LNK2001: unresolved external symbol "public: virtual float __cdecl btCollisionShape::getAngularMotionDisc(void)const " (?getAngularMotionDisc@btCollisionShape@@UEBAMXZ)
NativeExport.obj : error LNK2001: unresolved external symbol "public: virtual float __cdecl btCollisionShape::getContactBreakingThreshold(float)const " (?getContactBreakingThreshold@btCollisionShape@@UEBAMM@Z)
BulletDynamics_Debug.lib(btDiscreteDynamicsWorld.cpp.obj) : error LNK2001: unresolved external symbol "public: virtual float __cdecl btCollisionShape::getContactBreakingThreshold(float)const " (?getContactBreakingThreshold@btCollisionShape@@UEBAMM@Z)
NativeExport.obj : error LNK2019: unresolved external symbol "public: virtual char const * __cdecl btCollisionShape::serialize(void *,class btSerializer *)const " (?serialize@btCollisionShape@@UEBAPEBDPEAXPEAVbtSerializer@@@Z) referenced in function "public: virtual char const * __cdecl btConvexInternalShape::serialize(void *,class btSerializer *)const " (?serialize@btConvexInternalShape@@UEBAPEBDPEAXPEAVbtSerializer@@@Z)
BulletDynamics_Debug.lib(btDiscreteDynamicsWorld.cpp.obj) : error LNK2001: unresolved external symbol "public: virtual char const * __cdecl btCollisionShape::serialize(void *,class btSerializer *)const " (?serialize@btCollisionShape@@UEBAPEBDPEAXPEAVbtSerializer@@@Z)
NativeExport.obj : error LNK2001: unresolved external symbol "public: virtual void __cdecl btCollisionShape::serializeSingleShape(class btSerializer *)const " (?serializeSingleShape@btCollisionShape@@UEBAXPEAVbtSerializer@@@Z)
BulletDynamics_Debug.lib(btDiscreteDynamicsWorld.cpp.obj) : error LNK2001: unresolved external symbol "public: virtual void __cdecl btCollisionShape::serializeSingleShape(class btSerializer *)const " (?serializeSingleShape@btCollisionShape@@UEBAXPEAVbtSerializer@@@Z)
NativeExport.obj : error LNK2019: unresolved external symbol "public: virtual __cdecl btConvexShape::~btConvexShape(void)" (??1btConvexShape@@UEAA@XZ) referenced in function "public: virtual __cdecl btConvexInternalShape::~btConvexInternalShape(void)" (??1btConvexInternalShape@@UEAA@XZ)
BulletDynamics_Debug.lib(btDiscreteDynamicsWorld.cpp.obj) : error LNK2001: unresolved external symbol "public: virtual __cdecl btConvexShape::~btConvexShape(void)" (??1btConvexShape@@UEAA@XZ)
NativeExport.obj : error LNK2001: unresolved external symbol "public: virtual void __cdecl btConvexShape::project(class btTransform const &,class btVector3 const &,float &,float &,class btVector3 &,class btVector3 &)const " (?project@btConvexShape@@UEBAXAEBVbtTransform@@AEBVbtVector3@@AEAM2AEAV3@3@Z)
BulletDynamics_Debug.lib(btDiscreteDynamicsWorld.cpp.obj) : error LNK2001: unresolved external symbol "public: virtual void __cdecl btConvexShape::project(class btTransform const &,class btVector3 const &,float &,float &,class btVector3 &,class btVector3 &)const " (?project@btConvexShape@@UEBAXAEBVbtTransform@@AEBVbtVector3@@AEAM2AEAV3@3@Z)
NativeExport.obj : error LNK2019: unresolved external symbol "protected: __cdecl btConvexInternalShape::btConvexInternalShape(void)" (??0btConvexInternalShape@@IEAA@XZ) referenced in function "public: __cdecl btSphereShape::btSphereShape(float)" (??0btSphereShape@@QEAA@M@Z)
BulletDynamics_Debug.lib(btDiscreteDynamicsWorld.cpp.obj) : error LNK2001: unresolved external symbol "protected: __cdecl btConvexInternalShape::btConvexInternalShape(void)" (??0btConvexInternalShape@@IEAA@XZ)
NativeExport.obj : error LNK2001: unresolved external symbol "public: virtual class btVector3 __cdecl btConvexInternalShape::localGetSupportingVertex(class btVector3 const &)const " (?localGetSupportingVertex@btConvexInternalShape@@UEBA?AVbtVector3@@AEBV2@@Z)
BulletDynamics_Debug.lib(btDiscreteDynamicsWorld.cpp.obj) : error LNK2001: unresolved external symbol "public: virtual class btVector3 __cdecl btConvexInternalShape::localGetSupportingVertex(class btVector3 const &)const " (?localGetSupportingVertex@btConvexInternalShape@@UEBA?AVbtVector3@@AEBV2@@Z)
NativeExport.obj : error LNK2001: unresolved external symbol "public: virtual void __cdecl btConvexInternalShape::getAabbSlow(class btTransform const &,class btVector3 &,class btVector3 &)const " (?getAabbSlow@btConvexInternalShape@@UEBAXAEBVbtTransform@@AEAVbtVector3@@1@Z)
BulletDynamics_Debug.lib(btDiscreteDynamicsWorld.cpp.obj) : error LNK2001: unresolved external symbol "public: virtual void __cdecl btConvexInternalShape::getAabbSlow(class btTransform const &,class btVector3 &,class btVector3 &)const " (?getAabbSlow@btConvexInternalShape@@UEBAXAEBVbtTransform@@AEAVbtVector3@@1@Z)
NativeExport.obj : error LNK2001: unresolved external symbol "public: virtual void __cdecl btConvexInternalShape::setLocalScaling(class btVector3 const &)" (?setLocalScaling@btConvexInternalShape@@UEAAXAEBVbtVector3@@@Z)
BulletDynamics_Debug.lib(btDiscreteDynamicsWorld.cpp.obj) : error LNK2001: unresolved external symbol "public: virtual void __cdecl btConvexInternalShape::setLocalScaling(class btVector3 const &)" (?setLocalScaling@btConvexInternalShape@@UEAAXAEBVbtVector3@@@Z)
NativeExport.obj : error LNK2019: unresolved external symbol "public: virtual __cdecl btPolyhedralConvexShape::~btPolyhedralConvexShape(void)" (??1btPolyhedralConvexShape@@UEAA@XZ) referenced in function "public: virtual __cdecl btPolyhedralConvexAabbCachingShape::~btPolyhedralConvexAabbCachingShape(void)" (??1btPolyhedralConvexAabbCachingShape@@UEAA@XZ)
NativeExport.obj : error LNK2001: unresolved external symbol "public: virtual bool __cdecl btPolyhedralConvexShape::initializePolyhedralFeatures(int)" (?initializePolyhedralFeatures@btPolyhedralConvexShape@@UEAA_NH@Z)
NativeExport.obj : error LNK2001: unresolved external symbol "public: virtual void __cdecl btPolyhedralConvexShape::setPolyhedralFeatures(class btConvexPolyhedron &)" (?setPolyhedralFeatures@btPolyhedralConvexShape@@UEAAXAEAVbtConvexPolyhedron@@@Z)
NativeExport.obj : error LNK2001: unresolved external symbol "public: virtual void __cdecl btPolyhedralConvexShape::calculateLocalInertia(float,class btVector3 &)const " (?calculateLocalInertia@btPolyhedralConvexShape@@UEBAXMAEAVbtVector3@@@Z)
NativeExport.obj : error LNK2019: unresolved external symbol "protected: __cdecl btPolyhedralConvexAabbCachingShape::btPolyhedralConvexAabbCachingShape(void)" (??0btPolyhedralConvexAabbCachingShape@@IEAA@XZ) referenced in function "public: __cdecl btConvexPointCloudShape::btConvexPointCloudShape(class btVector3 *,int,class btVector3 const &,bool)" (??0btConvexPointCloudShape@@QEAA@PEAVbtVector3@@HAEBV1@_N@Z)
NativeExport.obj : error LNK2001: unresolved external symbol "public: virtual void __cdecl btPolyhedralConvexAabbCachingShape::getAabb(class btTransform const &,class btVector3 &,class btVector3 &)const " (?getAabb@btPolyhedralConvexAabbCachingShape@@UEBAXAEBVbtTransform@@AEAVbtVector3@@1@Z)
NativeExport.obj : error LNK2019: unresolved external symbol "public: void __cdecl btPolyhedralConvexAabbCachingShape::recalcLocalAabb(void)" (?recalcLocalAabb@btPolyhedralConvexAabbCachingShape@@QEAAXXZ) referenced in function "public: __cdecl btConvexPointCloudShape::btConvexPointCloudShape(class btVector3 *,int,class btVector3 const &,bool)" (??0btConvexPointCloudShape@@QEAA@PEAVbtVector3@@HAEBV1@_N@Z)
NativeExport.obj : error LNK2019: unresolved external symbol "public: __cdecl btBoxShape::btBoxShape(class btVector3 const &)" (??0btBoxShape@@QEAA@AEBVbtVector3@@@Z) referenced in function Create_Box_Shape
PhysicsManager.obj : error LNK2001: unresolved external symbol "public: __cdecl btBoxShape::btBoxShape(class btVector3 const &)" (??0btBoxShape@@QEAA@AEBVbtVector3@@@Z)
NativeExport.obj : error LNK2001: unresolved external symbol "public: virtual class btVector3 __cdecl btSphereShape::localGetSupportingVertex(class btVector3 const &)const " (?localGetSupportingVertex@btSphereShape@@UEBA?AVbtVector3@@AEBV2@@Z)
BulletDynamics_Debug.lib(btDiscreteDynamicsWorld.cpp.obj) : error LNK2001: unresolved external symbol "public: virtual class btVector3 __cdecl btSphereShape::localGetSupportingVertex(class btVector3 const &)const " (?localGetSupportingVertex@btSphereShape@@UEBA?AVbtVector3@@AEBV2@@Z)
NativeExport.obj : error LNK2001: unresolved external symbol "public: virtual class btVector3 __cdecl btSphereShape::localGetSupportingVertexWithoutMargin(class btVector3 const &)const " (?localGetSupportingVertexWithoutMargin@btSphereShape@@UEBA?AVbtVector3@@AEBV2@@Z)
BulletDynamics_Debug.lib(btDiscreteDynamicsWorld.cpp.obj) : error LNK2001: unresolved external symbol "public: virtual class btVector3 __cdecl btSphereShape::localGetSupportingVertexWithoutMargin(class btVector3 const &)const " (?localGetSupportingVertexWithoutMargin@btSphereShape@@UEBA?AVbtVector3@@AEBV2@@Z)
NativeExport.obj : error LNK2001: unresolved external symbol "public: virtual void __cdecl btSphereShape::batchedUnitVectorGetSupportingVertexWithoutMargin(class btVector3 const *,class btVector3 *,int)const " (?batchedUnitVectorGetSupportingVertexWithoutMargin@btSphereShape@@UEBAXPEBVbtVector3@@PEAV2@H@Z)
BulletDynamics_Debug.lib(btDiscreteDynamicsWorld.cpp.obj) : error LNK2001: unresolved external symbol "public: virtual void __cdecl btSphereShape::batchedUnitVectorGetSupportingVertexWithoutMargin(class btVector3 const *,class btVector3 *,int)const " (?batchedUnitVectorGetSupportingVertexWithoutMargin@btSphereShape@@UEBAXPEBVbtVector3@@PEAV2@H@Z)
NativeExport.obj : error LNK2001: unresolved external symbol "public: virtual void __cdecl btSphereShape::calculateLocalInertia(float,class btVector3 &)const " (?calculateLocalInertia@btSphereShape@@UEBAXMAEAVbtVector3@@@Z)
BulletDynamics_Debug.lib(btDiscreteDynamicsWorld.cpp.obj) : error LNK2001: unresolved external symbol "public: virtual void __cdecl btSphereShape::calculateLocalInertia(float,class btVector3 &)const " (?calculateLocalInertia@btSphereShape@@UEBAXMAEAVbtVector3@@@Z)
NativeExport.obj : error LNK2001: unresolved external symbol "public: virtual void __cdecl btSphereShape::getAabb(class btTransform const &,class btVector3 &,class btVector3 &)const " (?getAabb@btSphereShape@@UEBAXAEBVbtTransform@@AEAVbtVector3@@1@Z)
BulletDynamics_Debug.lib(btDiscreteDynamicsWorld.cpp.obj) : error LNK2001: unresolved external symbol "public: virtual void __cdecl btSphereShape::getAabb(class btTransform const &,class btVector3 &,class btVector3 &)const " (?getAabb@btSphereShape@@UEBAXAEBVbtTransform@@AEAVbtVector3@@1@Z)
NativeExport.obj : error LNK2019: unresolved external symbol "public: __cdecl btCompoundShape::btCompoundShape(bool,int)" (??0btCompoundShape@@QEAA@_NH@Z) referenced in function Create_Compound_Shape
NativeExport.obj : error LNK2019: unresolved external symbol "public: void __cdecl btCompoundShape::addChildShape(class btTransform const &,class btCollisionShape *)" (?addChildShape@btCompoundShape@@QEAAXAEBVbtTransform@@PEAVbtCollisionShape@@@Z) referenced in function Add_Shape_To_Compound_Shape
NativeExport.obj : error LNK2001: unresolved external symbol "public: virtual class btVector3 __cdecl btConvexPointCloudShape::localGetSupportingVertex(class btVector3 const &)const " (?localGetSupportingVertex@btConvexPointCloudShape@@UEBA?AVbtVector3@@AEBV2@@Z)
NativeExport.obj : error LNK2001: unresolved external symbol "public: virtual class btVector3 __cdecl btConvexPointCloudShape::localGetSupportingVertexWithoutMargin(class btVector3 const &)const " (?localGetSupportingVertexWithoutMargin@btConvexPointCloudShape@@UEBA?AVbtVector3@@AEBV2@@Z)
NativeExport.obj : error LNK2001: unresolved external symbol "public: virtual void __cdecl btConvexPointCloudShape::batchedUnitVectorGetSupportingVertexWithoutMargin(class btVector3 const *,class btVector3 *,int)const " (?batchedUnitVectorGetSupportingVertexWithoutMargin@btConvexPointCloudShape@@UEBAXPEBVbtVector3@@PEAV2@H@Z)
NativeExport.obj : error LNK2001: unresolved external symbol "public: virtual int __cdecl btConvexPointCloudShape::getNumVertices(void)const " (?getNumVertices@btConvexPointCloudShape@@UEBAHXZ)
NativeExport.obj : error LNK2001: unresolved external symbol "public: virtual int __cdecl btConvexPointCloudShape::getNumEdges(void)const " (?getNumEdges@btConvexPointCloudShape@@UEBAHXZ)
NativeExport.obj : error LNK2001: unresolved external symbol "public: virtual void __cdecl btConvexPointCloudShape::getEdge(int,class btVector3 &,class btVector3 &)const " (?getEdge@btConvexPointCloudShape@@UEBAXHAEAVbtVector3@@0@Z)
NativeExport.obj : error LNK2001: unresolved external symbol "public: virtual void __cdecl btConvexPointCloudShape::getVertex(int,class btVector3 &)const " (?getVertex@btConvexPointCloudShape@@UEBAXHAEAVbtVector3@@@Z)
NativeExport.obj : error LNK2001: unresolved external symbol "public: virtual int __cdecl btConvexPointCloudShape::getNumPlanes(void)const " (?getNumPlanes@btConvexPointCloudShape@@UEBAHXZ)
NativeExport.obj : error LNK2001: unresolved external symbol "public: virtual void __cdecl btConvexPointCloudShape::getPlane(class btVector3 &,class btVector3 &,int)const " (?getPlane@btConvexPointCloudShape@@UEBAXAEAVbtVector3@@0H@Z)
NativeExport.obj : error LNK2001: unresolved external symbol "public: virtual bool __cdecl btConvexPointCloudShape::isInside(class btVector3 const &,float)const " (?isInside@btConvexPointCloudShape@@UEBA_NAEBVbtVector3@@M@Z)
NativeExport.obj : error LNK2001: unresolved external symbol "public: virtual void __cdecl btConvexPointCloudShape::setLocalScaling(class btVector3 const &)" (?setLocalScaling@btConvexPointCloudShape@@UEAAXAEBVbtVector3@@@Z)
PhysicsManager.obj : error LNK2019: unresolved external symbol "public: __cdecl btCollisionDispatcher::btCollisionDispatcher(class btCollisionConfiguration *)" (??0btCollisionDispatcher@@QEAA@PEAVbtCollisionConfiguration@@@Z) referenced in function "private: __cdecl synthesis::PhysicsManager::PhysicsManager(void)" (??0PhysicsManager@synthesis@@AEAA@XZ)
PhysicsManager.obj : error LNK2019: unresolved external symbol "public: __cdecl btDefaultCollisionConfiguration::btDefaultCollisionConfiguration(struct btDefaultCollisionConstructionInfo const &)" (??0btDefaultCollisionConfiguration@@QEAA@AEBUbtDefaultCollisionConstructionInfo@@@Z) referenced in function "private: __cdecl synthesis::PhysicsManager::PhysicsManager(void)" (??0PhysicsManager@synthesis@@AEAA@XZ)
PhysicsManager.obj : error LNK2019: unresolved external symbol "public: __cdecl btDbvtBroadphase::btDbvtBroadphase(class btOverlappingPairCache *)" (??0btDbvtBroadphase@@QEAA@PEAVbtOverlappingPairCache@@@Z) referenced in function "private: __cdecl synthesis::PhysicsManager::PhysicsManager(void)" (??0PhysicsManager@synthesis@@AEAA@XZ)
BulletDynamics_Debug.lib(btRigidBody.cpp.obj) : error LNK2019: unresolved external symbol "public: __cdecl btCollisionObject::btCollisionObject(void)" (??0btCollisionObject@@QEAA@XZ) referenced in function "public: __cdecl btRigidBody::btRigidBody(struct btRigidBody::btRigidBodyConstructionInfo const &)" (??0btRigidBody@@QEAA@AEBUbtRigidBodyConstructionInfo@0@@Z)
BulletDynamics_Debug.lib(btRigidBody.cpp.obj) : error LNK2019: unresolved external symbol "public: virtual __cdecl btCollisionObject::~btCollisionObject(void)" (??1btCollisionObject@@UEAA@XZ) referenced in function "int `public: __cdecl btRigidBody::btRigidBody(struct dtor$0::btRigidBodyConstructionInfo const &)'::`1'::dtor$0" (?dtor$0@?0???0btRigidBody@@QEAA@AEBUbtRigidBodyConstructionInfo@0@@Z@4HA)
BulletDynamics_Debug.lib(btTypedConstraint.cpp.obj) : error LNK2001: unresolved external symbol "public: virtual __cdecl btCollisionObject::~btCollisionObject(void)" (??1btCollisionObject@@UEAA@XZ)
BulletDynamics_Debug.lib(btRigidBody.cpp.obj) : error LNK2019: unresolved external symbol "public: virtual char const * __cdecl btCollisionObject::serialize(void *,class btSerializer *)const " (?serialize@btCollisionObject@@UEBAPEBDPEAXPEAVbtSerializer@@@Z) referenced in function "public: virtual char const * __cdecl btRigidBody::serialize(void *,class btSerializer *)const " (?serialize@btRigidBody@@UEBAPEBDPEAXPEAVbtSerializer@@@Z)
BulletDynamics_Debug.lib(btDiscreteDynamicsWorld.cpp.obj) : error LNK2019: unresolved external symbol "public: int __cdecl btPersistentManifold::addManifoldPoint(class btManifoldPoint const &,bool)" (?addManifoldPoint@btPersistentManifold@@QEAAHAEBVbtManifoldPoint@@_N@Z) referenced in function "protected: void __cdecl btDiscreteDynamicsWorld::createPredictiveContactsInternal(class btRigidBody * *,int,float)" (?createPredictiveContactsInternal@btDiscreteDynamicsWorld@@IEAAXPEAPEAVbtRigidBody@@HM@Z)
BulletDynamics_Debug.lib(btDiscreteDynamicsWorld.cpp.obj) : error LNK2019: unresolved external symbol "protected: void __cdecl btCollisionWorld::serializeCollisionObjects(class btSerializer *)" (?serializeCollisionObjects@btCollisionWorld@@IEAAXPEAVbtSerializer@@@Z) referenced in function "public: virtual void __cdecl btDiscreteDynamicsWorld::serialize(class btSerializer *)" (?serialize@btDiscreteDynamicsWorld@@UEAAXPEAVbtSerializer@@@Z)
BulletDynamics_Debug.lib(btDiscreteDynamicsWorld.cpp.obj) : error LNK2019: unresolved external symbol "protected: void __cdecl btCollisionWorld::serializeContactManifolds(class btSerializer *)" (?serializeContactManifolds@btCollisionWorld@@IEAAXPEAVbtSerializer@@@Z) referenced in function "public: virtual void __cdecl btDiscreteDynamicsWorld::serialize(class btSerializer *)" (?serialize@btDiscreteDynamicsWorld@@UEAAXPEAVbtSerializer@@@Z)
BulletDynamics_Debug.lib(btDiscreteDynamicsWorld.cpp.obj) : error LNK2019: unresolved external symbol "public: __cdecl btCollisionWorld::btCollisionWorld(class btDispatcher *,class btBroadphaseInterface *,class btCollisionConfiguration *)" (??0btCollisionWorld@@QEAA@PEAVbtDispatcher@@PEAVbtBroadphaseInterface@@PEAVbtCollisionConfiguration@@@Z) referenced in function "public: __cdecl btDynamicsWorld::btDynamicsWorld(class btDispatcher *,class btBroadphaseInterface *,class btCollisionConfiguration *)" (??0btDynamicsWorld@@QEAA@PEAVbtDispatcher@@PEAVbtBroadphaseInterface@@PEAVbtCollisionConfiguration@@@Z)
BulletDynamics_Debug.lib(btDiscreteDynamicsWorld.cpp.obj) : error LNK2019: unresolved external symbol "public: virtual __cdecl btCollisionWorld::~btCollisionWorld(void)" (??1btCollisionWorld@@UEAA@XZ) referenced in function "int `public: __cdecl btDynamicsWorld::btDynamicsWorld(class btDispatcher *,class btBroadphaseInterface *,class btCollisionConfiguration *)'::`1'::dtor$0" (?dtor$0@?0???0btDynamicsWorld@@QEAA@PEAVbtDispatcher@@PEAVbtBroadphaseInterface@@PEAVbtCollisionConfiguration@@@Z@4HA)
BulletDynamics_Debug.lib(btDiscreteDynamicsWorld.cpp.obj) : error LNK2001: unresolved external symbol "public: virtual void __cdecl btCollisionWorld::updateAabbs(void)" (?updateAabbs@btCollisionWorld@@UEAAXXZ)
BulletDynamics_Debug.lib(btDiscreteDynamicsWorld.cpp.obj) : error LNK2001: unresolved external symbol "public: virtual void __cdecl btCollisionWorld::computeOverlappingPairs(void)" (?computeOverlappingPairs@btCollisionWorld@@UEAAXXZ)
BulletDynamics_Debug.lib(btDiscreteDynamicsWorld.cpp.obj) : error LNK2019: unresolved external symbol "public: virtual void __cdecl btCollisionWorld::debugDrawWorld(void)" (?debugDrawWorld@btCollisionWorld@@UEAAXXZ) referenced in function "public: virtual void __cdecl btDiscreteDynamicsWorld::debugDrawWorld(void)" (?debugDrawWorld@btDiscreteDynamicsWorld@@UEAAXXZ)
BulletDynamics_Debug.lib(btDiscreteDynamicsWorld.cpp.obj) : error LNK2001: unresolved external symbol "public: virtual void __cdecl btCollisionWorld::debugDrawObject(class btTransform const &,class btCollisionShape const *,class btVector3 const &)" (?debugDrawObject@btCollisionWorld@@UEAAXAEBVbtTransform@@PEBVbtCollisionShape@@AEBVbtVector3@@@Z)
BulletDynamics_Debug.lib(btDiscreteDynamicsWorld.cpp.obj) : error LNK2001: unresolved external symbol "public: virtual void __cdecl btCollisionWorld::rayTest(class btVector3 const &,class btVector3 const &,struct btCollisionWorld::RayResultCallback &)const " (?rayTest@btCollisionWorld@@UEBAXAEBVbtVector3@@0AEAURayResultCallback@1@@Z)
BulletDynamics_Debug.lib(btDiscreteDynamicsWorld.cpp.obj) : error LNK2019: unresolved external symbol "public: void __cdecl btCollisionWorld::convexSweepTest(class btConvexShape const *,class btTransform const &,class btTransform const &,struct btCollisionWorld::ConvexResultCallback &,float)const " (?convexSweepTest@btCollisionWorld@@QEBAXPEBVbtConvexShape@@AEBVbtTransform@@1AEAUConvexResultCallback@1@M@Z) referenced in function "protected: void __cdecl btDiscreteDynamicsWorld::createPredictiveContactsInternal(class btRigidBody * *,int,float)" (?createPredictiveContactsInternal@btDiscreteDynamicsWorld@@IEAAXPEAPEAVbtRigidBody@@HM@Z)
BulletDynamics_Debug.lib(btDiscreteDynamicsWorld.cpp.obj) : error LNK2019: unresolved external symbol "public: virtual void __cdecl btCollisionWorld::addCollisionObject(class btCollisionObject *,int,int)" (?addCollisionObject@btCollisionWorld@@UEAAXPEAVbtCollisionObject@@HH@Z) referenced in function "public: virtual void __cdecl btDiscreteDynamicsWorld::addCollisionObject(class btCollisionObject *,int,int)" (?addCollisionObject@btDiscreteDynamicsWorld@@UEAAXPEAVbtCollisionObject@@HH@Z)
BulletDynamics_Debug.lib(btDiscreteDynamicsWorld.cpp.obj) : error LNK2001: unresolved external symbol "public: virtual void __cdecl btCollisionWorld::refreshBroadphaseProxy(class btCollisionObject *)" (?refreshBroadphaseProxy@btCollisionWorld@@UEAAXPEAVbtCollisionObject@@@Z)
BulletDynamics_Debug.lib(btDiscreteDynamicsWorld.cpp.obj) : error LNK2019: unresolved external symbol "public: virtual void __cdecl btCollisionWorld::removeCollisionObject(class btCollisionObject *)" (?removeCollisionObject@btCollisionWorld@@UEAAXPEAVbtCollisionObject@@@Z) referenced in function "public: virtual void __cdecl btDiscreteDynamicsWorld::removeCollisionObject(class btCollisionObject *)" (?removeCollisionObject@btDiscreteDynamicsWorld@@UEAAXPEAVbtCollisionObject@@@Z)
BulletDynamics_Debug.lib(btDiscreteDynamicsWorld.cpp.obj) : error LNK2001: unresolved external symbol "public: virtual void __cdecl btCollisionWorld::performDiscreteCollisionDetection(void)" (?performDiscreteCollisionDetection@btCollisionWorld@@UEAAXXZ)
BulletDynamics_Debug.lib(btDiscreteDynamicsWorld.cpp.obj) : error LNK2001: unresolved external symbol "public: virtual void __cdecl btCollisionWorld::serialize(class btSerializer *)" (?serialize@btCollisionWorld@@UEAAXPEAVbtSerializer@@@Z)
BulletDynamics_Debug.lib(btDiscreteDynamicsWorld.cpp.obj) : error LNK2019: unresolved external symbol "public: __cdecl btSimulationIslandManager::btSimulationIslandManager(void)" (??0btSimulationIslandManager@@QEAA@XZ) referenced in function "public: __cdecl btDiscreteDynamicsWorld::btDiscreteDynamicsWorld(class btDispatcher *,class btBroadphaseInterface *,class btConstraintSolver *,class btCollisionConfiguration *)" (??0btDiscreteDynamicsWorld@@QEAA@PEAVbtDispatcher@@PEAVbtBroadphaseInterface@@PEAVbtConstraintSolver@@PEAVbtCollisionConfiguration@@@Z)
BulletDynamics_Debug.lib(btDiscreteDynamicsWorld.cpp.obj) : error LNK2019: unresolved external symbol "public: void __cdecl btSimulationIslandManager::buildAndProcessIslands(class btDispatcher *,class btCollisionWorld *,struct btSimulationIslandManager::IslandCallback *)" (?buildAndProcessIslands@btSimulationIslandManager@@QEAAXPEAVbtDispatcher@@PEAVbtCollisionWorld@@PEAUIslandCallback@1@@Z) referenced in function "public: virtual void __cdecl btDiscreteDynamicsWorld::solveConstraints(struct btContactSolverInfo &)" (?solveConstraints@btDiscreteDynamicsWorld@@UEAAXAEAUbtContactSolverInfo@@@Z)
BulletDynamics_Debug.lib(btDiscreteDynamicsWorld.cpp.obj) : error LNK2001: unresolved external symbol "float (__cdecl* gCalculateCombinedRestitutionCallback)(class btCollisionObject const *,class btCollisionObject const *)" (?gCalculateCombinedRestitutionCallback@@3P6AMPEBVbtCollisionObject@@0@ZEA)
BulletDynamics_Debug.lib(btDiscreteDynamicsWorld.cpp.obj) : error LNK2001: unresolved external symbol "float (__cdecl* gCalculateCombinedFrictionCallback)(class btCollisionObject const *,class btCollisionObject const *)" (?gCalculateCombinedFrictionCallback@@3P6AMPEBVbtCollisionObject@@0@ZEA)
C:\Users\hunte\git\BulletSynthesis\BulletSynthesis\bin\Debug\BulletSynthesis.dll : fatal error LNK1120: 64 unresolved externals
